Optiflow-Android/libstreaming/build/intermediates/manifest_merge_blame_file/release/manifest-merger-blame-release-report.txt
1<?xml version="1.0" encoding="utf-8"?>
2<manifest xmlns:android="http://schemas.android.com/apk/res/android"
3    package="net.majorkernelpanic.streaming"
4    android:versionCode="40"
5    android:versionName="4.0" >
6
7    <uses-sdk
7-->src\main\AndroidManifest.xml:6:5-47
8        android:minSdkVersion="14"
8-->src\main\AndroidManifest.xml:6:5-47
9        android:targetSdkVersion="29" />
9-->src\main\AndroidManifest.xml:6:15-44
10
11</manifest>